<?xml version="1.0" encoding="UTF-8"?>
<!-- Generated by org.testng.reporters.JUnitXMLReporter -->
<testsuite ignored="0" hostname="LTIN674473" failures="0" tests="13" name="E2E UI Tests" time="307.102" errors="0" timestamp="2026-07-23T14:13:42 IST">
  <testcase classname="tests.SelectableTest" name="testSelectableList" time="7.657"/>
  <testcase classname="tests.SelectableTest" name="testSelectableGrid" time="4.977"/>
  <testcase classname="tests.DroppableTests" name="testSimpleDragAndDrop" time="5.728"/>
  <testcase classname="tests.DroppableTests" name="testPreventPropagationDroppable" time="12.194"/>
  <testcase classname="tests.DroppableTests" name="testRevertDraggable" time="10.178"/>
  <testcase classname="tests.ResizableTest" name="testResizableBoxWithRestriction" time="8.675"/>
  <testcase classname="tests.ResizableTest" name="testResizableBoxWithoutRestriction" time="5.424"/>
  <testcase classname="tests.DraggableTest" name="testSimpleDraggable" time="25.583"/>
  <testcase classname="tests.DraggableTest" name="testAxisRestrictedDraggable" time="7.786"/>
  <testcase classname="tests.DraggableTest" name="testCursorStyleDraggable" time="13.346"/>
  <testcase classname="tests.DraggableTest" name="testContainerRestrictedElegant" time="15.977"/>
  <testcase classname="tests.SortableTest" name="testSortableList" time="6.86"/>
  <testcase classname="tests.SortableTest" name="testSortableGrid" time="6.511"/>
</testsuite> <!-- E2E UI Tests -->
