<?xml version="1.0" encoding="UTF-8"?>
<testng-results ignored="0" total="13" passed="13" failed="0" skipped="0">
  <reporter-output>
  </reporter-output>
  <suite started-at="2026-07-23T14:08:33 IST" name="Suite" finished-at="2026-07-23T14:13:40 IST" duration-ms="307102">
    <groups>
    </groups>
    <test started-at="2026-07-23T14:08:33 IST" name="E2E UI Tests" finished-at="2026-07-23T14:13:40 IST" duration-ms="307102">
      <class name="tests.DraggableTest">
        <test-method is-config="true" signature="setUp()[pri:0, instance:tests.DraggableTest@6f03482]" started-at="2026-07-23T14:11:03 IST" name="setUp" finished-at="2026-07-23T14:11:08 IST" duration-ms="5670" status="PASS">
          <reporter-output>
          </reporter-output>
        </test-method> <!-- setUp -->
        <test-method signature="testSimpleDraggable()[pri:1, instance:tests.DraggableTest@6f03482]" started-at="2026-07-23T14:11:08 IST" name="testSimpleDraggable" finished-at="2026-07-23T14:11:34 IST" duration-ms="25583" status="PASS">
          <reporter-output>
          </reporter-output>
        </test-method> <!-- testSimpleDraggable -->
        <test-method is-config="true" signature="tearDown()[pri:0, instance:tests.DraggableTest@6f03482]" started-at="2026-07-23T14:11:34 IST" name="tearDown" finished-at="2026-07-23T14:11:41 IST" duration-ms="7272" status="PASS">
          <reporter-output>
          </reporter-output>
        </test-method> <!-- tearDown -->
        <test-method is-config="true" signature="setUp()[pri:0, instance:tests.DraggableTest@6f03482]" started-at="2026-07-23T14:11:41 IST" name="setUp" finished-at="2026-07-23T14:11:48 IST" duration-ms="6189" status="PASS">
          <reporter-output>
          </reporter-output>
        </test-method> <!-- setUp -->
        <test-method signature="testAxisRestrictedDraggable()[pri:2, instance:tests.DraggableTest@6f03482]" started-at="2026-07-23T14:11:48 IST" name="testAxisRestrictedDraggable" finished-at="2026-07-23T14:11:55 IST" duration-ms="7786" status="PASS">
          <reporter-output>
          </reporter-output>
        </test-method> <!-- testAxisRestrictedDraggable -->
        <test-method is-config="true" signature="tearDown()[pri:0, instance:tests.DraggableTest@6f03482]" started-at="2026-07-23T14:11:55 IST" name="tearDown" finished-at="2026-07-23T14:12:01 IST" duration-ms="5798" status="PASS">
          <reporter-output>
          </reporter-output>
        </test-method> <!-- tearDown -->
        <test-method is-config="true" signature="setUp()[pri:0, instance:tests.DraggableTest@6f03482]" started-at="2026-07-23T14:12:01 IST" name="setUp" finished-at="2026-07-23T14:12:06 IST" duration-ms="5388" status="PASS">
          <reporter-output>
          </reporter-output>
        </test-method> <!-- setUp -->
        <test-method signature="testCursorStyleDraggable()[pri:3, instance:tests.DraggableTest@6f03482]" started-at="2026-07-23T14:12:06 IST" name="testCursorStyleDraggable" finished-at="2026-07-23T14:12:20 IST" duration-ms="13346" status="PASS">
          <reporter-output>
          </reporter-output>
        </test-method> <!-- testCursorStyleDraggable -->
        <test-method is-config="true" signature="tearDown()[pri:0, instance:tests.DraggableTest@6f03482]" started-at="2026-07-23T14:12:20 IST" name="tearDown" finished-at="2026-07-23T14:12:27 IST" duration-ms="7259" status="PASS">
          <reporter-output>
          </reporter-output>
        </test-method> <!-- tearDown -->
        <test-method is-config="true" signature="setUp()[pri:0, instance:tests.DraggableTest@6f03482]" started-at="2026-07-23T14:12:27 IST" name="setUp" finished-at="2026-07-23T14:12:33 IST" duration-ms="6268" status="PASS">
          <reporter-output>
          </reporter-output>
        </test-method> <!-- setUp -->
        <test-method signature="testContainerRestrictedElegant()[pri:4, instance:tests.DraggableTest@6f03482]" started-at="2026-07-23T14:12:33 IST" name="testContainerRestrictedElegant" finished-at="2026-07-23T14:12:49 IST" duration-ms="15977" status="PASS">
          <reporter-output>
          </reporter-output>
        </test-method> <!-- testContainerRestrictedElegant -->
        <test-method is-config="true" signature="tearDown()[pri:0, instance:tests.DraggableTest@6f03482]" started-at="2026-07-23T14:12:49 IST" name="tearDown" finished-at="2026-07-23T14:12:58 IST" duration-ms="8144" status="PASS">
          <reporter-output>
          </reporter-output>
        </test-method> <!-- tearDown -->
      </class> <!-- tests.DraggableTest -->
      <class name="tests.ResizableTest">
        <test-method is-config="true" signature="setUp()[pri:0, instance:tests.ResizableTest@3eb25e1a]" started-at="2026-07-23T14:10:24 IST" name="setUp" finished-at="2026-07-23T14:10:31 IST" duration-ms="6790" status="PASS">
          <reporter-output>
          </reporter-output>
        </test-method> <!-- setUp -->
        <test-method signature="testResizableBoxWithRestriction()[pri:1, instance:tests.ResizableTest@3eb25e1a]" started-at="2026-07-23T14:10:31 IST" name="testResizableBoxWithRestriction" description="Verify resizing of a box with max/min constraints" finished-at="2026-07-23T14:10:40 IST" duration-ms="8675" status="PASS">
          <reporter-output>
          </reporter-output>
        </test-method> <!-- testResizableBoxWithRestriction -->
        <test-method is-config="true" signature="tearDown()[pri:0, instance:tests.ResizableTest@3eb25e1a]" started-at="2026-07-23T14:10:40 IST" name="tearDown" finished-at="2026-07-23T14:10:45 IST" duration-ms="5403" status="PASS">
          <reporter-output>
          </reporter-output>
        </test-method> <!-- tearDown -->
        <test-method is-config="true" signature="setUp()[pri:0, instance:tests.ResizableTest@3eb25e1a]" started-at="2026-07-23T14:10:45 IST" name="setUp" finished-at="2026-07-23T14:10:51 IST" duration-ms="6140" status="PASS">
          <reporter-output>
          </reporter-output>
        </test-method> <!-- setUp -->
        <test-method signature="testResizableBoxWithoutRestriction()[pri:2, instance:tests.ResizableTest@3eb25e1a]" started-at="2026-07-23T14:10:51 IST" name="testResizableBoxWithoutRestriction" description="Verify free resizing of an unrestricted box" finished-at="2026-07-23T14:10:57 IST" duration-ms="5424" status="PASS">
          <reporter-output>
          </reporter-output>
        </test-method> <!-- testResizableBoxWithoutRestriction -->
        <test-method is-config="true" signature="tearDown()[pri:0, instance:tests.ResizableTest@3eb25e1a]" started-at="2026-07-23T14:10:57 IST" name="tearDown" finished-at="2026-07-23T14:11:03 IST" duration-ms="6034" status="PASS">
          <reporter-output>
          </reporter-output>
        </test-method> <!-- tearDown -->
      </class> <!-- tests.ResizableTest -->
      <class name="tests.DroppableTests">
        <test-method is-config="true" signature="setUp()[pri:0, instance:tests.DroppableTests@6743e411]" started-at="2026-07-23T14:09:18 IST" name="setUp" finished-at="2026-07-23T14:09:23 IST" duration-ms="5773" status="PASS">
          <reporter-output>
          </reporter-output>
        </test-method> <!-- setUp -->
        <test-method signature="testSimpleDragAndDrop()[pri:1, instance:tests.DroppableTests@6743e411]" started-at="2026-07-23T14:09:23 IST" name="testSimpleDragAndDrop" description="Verify Simple Drag and Drop functionality" finished-at="2026-07-23T14:09:29 IST" duration-ms="5728" status="PASS">
          <reporter-output>
          </reporter-output>
        </test-method> <!-- testSimpleDragAndDrop -->
        <test-method is-config="true" signature="tearDown()[pri:0, instance:tests.DroppableTests@6743e411]" started-at="2026-07-23T14:09:29 IST" name="tearDown" finished-at="2026-07-23T14:09:34 IST" duration-ms="5126" status="PASS">
          <reporter-output>
          </reporter-output>
        </test-method> <!-- tearDown -->
        <test-method is-config="true" signature="setUp()[pri:0, instance:tests.DroppableTests@6743e411]" started-at="2026-07-23T14:09:34 IST" name="setUp" finished-at="2026-07-23T14:09:40 IST" duration-ms="5711" status="PASS">
          <reporter-output>
          </reporter-output>
        </test-method> <!-- setUp -->
        <test-method signature="testPreventPropagationDroppable()[pri:3, instance:tests.DroppableTests@6743e411]" started-at="2026-07-23T14:09:40 IST" name="testPreventPropagationDroppable" description="Verify Prevent Propagation behavior on nested drop boxes" finished-at="2026-07-23T14:09:52 IST" duration-ms="12194" status="PASS">
          <reporter-output>
          </reporter-output>
        </test-method> <!-- testPreventPropagationDroppable -->
        <test-method is-config="true" signature="tearDown()[pri:0, instance:tests.DroppableTests@6743e411]" started-at="2026-07-23T14:09:52 IST" name="tearDown" finished-at="2026-07-23T14:09:58 IST" duration-ms="6141" status="PASS">
          <reporter-output>
          </reporter-output>
        </test-method> <!-- tearDown -->
        <test-method is-config="true" signature="setUp()[pri:0, instance:tests.DroppableTests@6743e411]" started-at="2026-07-23T14:09:58 IST" name="setUp" finished-at="2026-07-23T14:10:07 IST" duration-ms="8852" status="PASS">
          <reporter-output>
          </reporter-output>
        </test-method> <!-- setUp -->
        <test-method signature="testRevertDraggable()[pri:4, instance:tests.DroppableTests@6743e411]" started-at="2026-07-23T14:10:07 IST" name="testRevertDraggable" description="Verify Revertible Drag and Drop behavior for both reverting and non-reverting boxes" finished-at="2026-07-23T14:10:17 IST" duration-ms="10178" status="PASS">
          <reporter-output>
          </reporter-output>
        </test-method> <!-- testRevertDraggable -->
        <test-method is-config="true" signature="tearDown()[pri:0, instance:tests.DroppableTests@6743e411]" started-at="2026-07-23T14:10:17 IST" name="tearDown" finished-at="2026-07-23T14:10:24 IST" duration-ms="6946" status="PASS">
          <reporter-output>
          </reporter-output>
        </test-method> <!-- tearDown -->
      </class> <!-- tests.DroppableTests -->
      <class name="tests.SortableTest">
        <test-method is-config="true" signature="setUp()[pri:0, instance:tests.SortableTest@9d5509a]" started-at="2026-07-23T14:12:58 IST" name="setUp" finished-at="2026-07-23T14:13:05 IST" duration-ms="7903" status="PASS">
          <reporter-output>
          </reporter-output>
        </test-method> <!-- setUp -->
        <test-method signature="testSortableList()[pri:1, instance:tests.SortableTest@9d5509a]" started-at="2026-07-23T14:13:05 IST" name="testSortableList" description="Verify drag-and-drop sorting in a List view" finished-at="2026-07-23T14:13:12 IST" duration-ms="6860" status="PASS">
          <reporter-output>
          </reporter-output>
        </test-method> <!-- testSortableList -->
        <test-method is-config="true" signature="tearDown()[pri:0, instance:tests.SortableTest@9d5509a]" started-at="2026-07-23T14:13:12 IST" name="tearDown" finished-at="2026-07-23T14:13:20 IST" duration-ms="7928" status="PASS">
          <reporter-output>
          </reporter-output>
        </test-method> <!-- tearDown -->
        <test-method is-config="true" signature="setUp()[pri:0, instance:tests.SortableTest@9d5509a]" started-at="2026-07-23T14:13:20 IST" name="setUp" finished-at="2026-07-23T14:13:27 IST" duration-ms="6410" status="PASS">
          <reporter-output>
          </reporter-output>
        </test-method> <!-- setUp -->
        <test-method signature="testSortableGrid()[pri:2, instance:tests.SortableTest@9d5509a]" started-at="2026-07-23T14:13:27 IST" name="testSortableGrid" description="Verify drag-and-drop sorting in a Grid view" finished-at="2026-07-23T14:13:33 IST" duration-ms="6511" status="PASS">
          <reporter-output>
          </reporter-output>
        </test-method> <!-- testSortableGrid -->
        <test-method is-config="true" signature="tearDown()[pri:0, instance:tests.SortableTest@9d5509a]" started-at="2026-07-23T14:13:33 IST" name="tearDown" finished-at="2026-07-23T14:13:40 IST" duration-ms="7191" status="PASS">
          <reporter-output>
          </reporter-output>
        </test-method> <!-- tearDown -->
      </class> <!-- tests.SortableTest -->
      <class name="tests.SelectableTest">
        <test-method is-config="true" signature="setUp()[pri:0, instance:tests.SelectableTest@443118b0]" started-at="2026-07-23T14:08:35 IST" name="setUp" finished-at="2026-07-23T14:08:46 IST" duration-ms="11206" status="PASS">
          <reporter-output>
          </reporter-output>
        </test-method> <!-- setUp -->
        <test-method signature="testSelectableList()[pri:1, instance:tests.SelectableTest@443118b0]" started-at="2026-07-23T14:08:46 IST" name="testSelectableList" description="Verify random selection of elements in a vertical List format" finished-at="2026-07-23T14:08:53 IST" duration-ms="7657" status="PASS">
          <reporter-output>
          </reporter-output>
        </test-method> <!-- testSelectableList -->
        <test-method is-config="true" signature="tearDown()[pri:0, instance:tests.SelectableTest@443118b0]" started-at="2026-07-23T14:08:54 IST" name="tearDown" finished-at="2026-07-23T14:08:59 IST" duration-ms="5564" status="PASS">
          <reporter-output>
          </reporter-output>
        </test-method> <!-- tearDown -->
        <test-method is-config="true" signature="setUp()[pri:0, instance:tests.SelectableTest@443118b0]" started-at="2026-07-23T14:08:59 IST" name="setUp" finished-at="2026-07-23T14:09:08 IST" duration-ms="8548" status="PASS">
          <reporter-output>
          </reporter-output>
        </test-method> <!-- setUp -->
        <test-method signature="testSelectableGrid()[pri:2, instance:tests.SelectableTest@443118b0]" started-at="2026-07-23T14:09:08 IST" name="testSelectableGrid" description="Verify random selection of elements in a Grid format" finished-at="2026-07-23T14:09:13 IST" duration-ms="4977" status="PASS">
          <reporter-output>
          </reporter-output>
        </test-method> <!-- testSelectableGrid -->
        <test-method is-config="true" signature="tearDown()[pri:0, instance:tests.SelectableTest@443118b0]" started-at="2026-07-23T14:09:13 IST" name="tearDown" finished-at="2026-07-23T14:09:18 IST" duration-ms="5029" status="PASS">
          <reporter-output>
          </reporter-output>
        </test-method> <!-- tearDown -->
      </class> <!-- tests.SelectableTest -->
    </test> <!-- E2E UI Tests -->
  </suite> <!-- Suite -->
</testng-results>
