<?xml version="1.0" encoding="UTF-8"?>
<!-- Generated by org.testng.reporters.JUnitReportReporter -->
<testsuite hostname="LTIN674473" failures="0" tests="3" name="tests.DroppableTests" time="66.649" errors="0" timestamp="2026-07-23T14:13:42 IST" skipped="0">
  <testcase classname="tests.DroppableTests" name="testSimpleDragAndDrop" time="17.580"/>
  <testcase classname="tests.DroppableTests" name="testPreventPropagationDroppable" time="23.093"/>
  <testcase classname="tests.DroppableTests" name="testRevertDraggable" time="25.976"/>
</testsuite> <!-- tests.DroppableTests -->
