<?xml version="1.0" encoding="UTF-8"?>
<!-- Generated by org.testng.reporters.JUnitReportReporter -->
<testsuite hostname="LTIN674473" failures="0" tests="2" name="tests.ResizableTest" time="38.466" errors="0" timestamp="2026-07-23T14:13:42 IST" skipped="0">
  <testcase classname="tests.ResizableTest" name="testResizableBoxWithRestriction" time="20.849"/>
  <testcase classname="tests.ResizableTest" name="testResizableBoxWithoutRestriction" time="17.617"/>
</testsuite> <!-- tests.ResizableTest -->
